<?xml version="1.0" encoding="UTF-8"?>
<robot generator="Robot 6.0.2 (Python 3.10.10 on darwin)" generated="20230411 16:48:14.531" rpa="false" schemaversion="3">
<suite id="s1" name="Svp Robot" source="/Users/olehlazeba/PycharmProjects/svp_robot">
<suite id="s1-s1" name="Tests" source="/Users/olehlazeba/PycharmProjects/svp_robot/Tests">
<suite id="s1-s1-s1" name="Ui" source="/Users/olehlazeba/PycharmProjects/svp_robot/Tests/ui">
<suite id="s1-s1-s1-s1" name="Legislator" source="/Users/olehlazeba/PycharmProjects/svp_robot/Tests/ui/legislator">
<suite id="s1-s1-s1-s1-s1" name="Spa Legislateor Labors" source="/Users/olehlazeba/PycharmProjects/svp_robot/Tests/ui/legislator/spa_legislateor_labors.robot">
<test id="s1-s1-s1-s1-s1-t1" name="Checking validation of edit email field on Labors tab" line="19">
<kw name="Open Chrome Browser" library="webdriver_manager" type="SETUP">
<kw name="Set Common Global Variables" library="variables">
<kw name="Set Global Variable" library="BuiltIn">
<arg>${ADMIN_URL}</arg>
<arg>https://svp-international-admin.svp.stage.devops.takamol.support/</arg>
<doc>Makes a variable available globally in all tests and suites.</doc>
<msg timestamp="20230411 16:48:16.651" level="INFO">${ADMIN_URL} = https://svp-international-admin.svp.stage.devops.takamol.support/</msg>
<status status="PASS" starttime="20230411 16:48:16.648" endtime="20230411 16:48:16.651"/>
</kw>
<kw name="Set Global Variable" library="BuiltIn">
<arg>${SPA_URL}</arg>
<arg>https://svp-international-spa.svp.stage.devops.takamol.support/</arg>
<doc>Makes a variable available globally in all tests and suites.</doc>
<msg timestamp="20230411 16:48:16.653" level="INFO">${SPA_URL} = https://svp-international-spa.svp.stage.devops.takamol.support/</msg>
<status status="PASS" starttime="20230411 16:48:16.651" endtime="20230411 16:48:16.653"/>
</kw>
<kw name="Set Global Variable" library="BuiltIn">
<arg>${API_URL}</arg>
<arg>https://svp-international-api.svp.stage.devops.takamol.support/</arg>
<doc>Makes a variable available globally in all tests and suites.</doc>
<msg timestamp="20230411 16:48:16.656" level="INFO">${API_URL} = https://svp-international-api.svp.stage.devops.takamol.support/</msg>
<status status="PASS" starttime="20230411 16:48:16.654" endtime="20230411 16:48:16.656"/>
</kw>
<kw name="Set Global Variable" library="BuiltIn">
<arg>${ALLURE_URL}</arg>
<arg>https://allure-api.takamol.support</arg>
<doc>Makes a variable available globally in all tests and suites.</doc>
<msg timestamp="20230411 16:48:16.659" level="INFO">${ALLURE_URL} = https://allure-api.takamol.support</msg>
<status status="PASS" starttime="20230411 16:48:16.656" endtime="20230411 16:48:16.659"/>
</kw>
<kw name="Set Global Variable" library="BuiltIn">
<arg>${GRID_URL}</arg>
<arg>http://localhost:4444/wd/hub</arg>
<doc>Makes a variable available globally in all tests and suites.</doc>
<msg timestamp="20230411 16:48:16.662" level="INFO">${GRID_URL} = http://localhost:4444/wd/hub</msg>
<status status="PASS" starttime="20230411 16:48:16.660" endtime="20230411 16:48:16.662"/>
</kw>
<kw name="Set Global Variable" library="BuiltIn">
<arg>${DISCORD_URL}</arg>
<arg>https://discord.com/api/webhooks/1019273907892650055/Stt-bjhk-15K1vNbyoyoLttBIDd1laChmlHEm6_cYOohIK36NF5TnIpU5a3-wus2uqU5</arg>
<doc>Makes a variable available globally in all tests and suites.</doc>
<msg timestamp="20230411 16:48:16.665" level="INFO">${DISCORD_URL} = https://discord.com/api/webhooks/1019273907892650055/Stt-bjhk-15K1vNbyoyoLttBIDd1laChmlHEm6_cYOohIK36NF5TnIpU5a3-wus2uqU5</msg>
<status status="PASS" starttime="20230411 16:48:16.662" endtime="20230411 16:48:16.665"/>
</kw>
<kw name="Set Global Variable" library="BuiltIn">
<arg>${PROJECT_ENV}</arg>
<arg>demo</arg>
<doc>Makes a variable available globally in all tests and suites.</doc>
<msg timestamp="20230411 16:48:16.668" level="INFO">${PROJECT_ENV} = demo</msg>
<status status="PASS" starttime="20230411 16:48:16.665" endtime="20230411 16:48:16.668"/>
</kw>
<status status="PASS" starttime="20230411 16:48:16.648" endtime="20230411 16:48:16.668"/>
</kw>
<kw name="New Persistent Context" library="Browser">
<arg>browser=${browser}</arg>
<arg>headless=False</arg>
<arg>args=["--no-sandbox", "--disable-dev-shm-usage", "--disable-gpu"]</arg>
<doc>Open a new
[https://playwright.dev/docs/api/class-browsertype#browser-type-launch-persistent-context | persistent context].</doc>
<msg timestamp="20230411 16:48:16.670" level="INFO">{
  "userDataDir": "",
  "browser": "chromium",
  "headless": false,
  "acceptDownloads": true,
  "args": [
    "--no-sandbox",
    "--disable-dev-shm-usage",
    "--disable-gpu"
  ],
  "bypassCSP": false,
  "devtools": false,
  "forcedColors": "none",
  "handleSIGHUP": true,
  "handleSIGINT": true,
  "handleSIGTERM": true,
  "hideRfBrowser": false,
  "ignoreHTTPSErrors": false,
  "javaScriptEnabled": true,
  "offline": false,
  "reducedMotion": "no-preference",
  "slowMo": 0.0,
  "timeout": 30000.0,
  "viewport": {
    "height": 720,
    "width": 1280
  },
  "deprecated_pos_args": [],
  "tracesDir": "/Users/olehlazeba/PycharmProjects/svp_robot/browser/traces/278ed1ba-c2cf-4bec-8cd2-1bdad53baafd"
}</msg>
<msg timestamp="20230411 16:48:17.948" level="INFO">Successfully created context. </msg>
<msg timestamp="20230411 16:48:17.948" level="INFO">{'userDataDir': '', 'browser': 'chromium', 'headless': False, 'acceptDownloads': True, 'args': ['--no-sandbox', '--disable-dev-shm-usage', '--disable-gpu'], 'bypassCSP': False, 'devtools': False, 'forcedColors': 'none', 'handleSIGHUP': True, 'handleSIGINT': True, 'handleSIGTERM': True, 'hideRfBrowser': False, 'ignoreHTTPSErrors': False, 'javaScriptEnabled': True, 'offline': False, 'reducedMotion': 'no-preference', 'slowMo': 0, 'timeout': 30000, 'viewport': {'height': 720, 'width': 1280}, 'deprecated_pos_args': [], 'tracesDir': '/Users/olehlazeba/PycharmProjects/svp_robot/browser/traces/278ed1ba-c2cf-4bec-8cd2-1bdad53baafd'}</msg>
<status status="PASS" starttime="20230411 16:48:16.668" endtime="20230411 16:48:17.948"/>
</kw>
<kw name="Set Browser Timeout" library="Browser">
<arg>${timeout}</arg>
<tag>Config</tag>
<tag>Setter</tag>
<doc>Sets the timeout used by most input and getter keywords.</doc>
<msg timestamp="20230411 16:48:17.952" level="INFO">Set timeout to: 30000</msg>
<status status="PASS" starttime="20230411 16:48:17.949" endtime="20230411 16:48:17.952"/>
</kw>
<status status="PASS" starttime="20230411 16:48:16.647" endtime="20230411 16:48:17.953"/>
</kw>
<kw name="Create Entities And Log In" library="backgrounds">
<arg>is_legislator_activate=True</arg>
<arg>login_tcenter=False</arg>
<kw name="Request Token" library="AuthApiActions">
<status status="PASS" starttime="20230411 16:48:17.954" endtime="20230411 16:48:20.471"/>
</kw>
<kw name="Get Token" library="AuthApiActions">
<var>${token}</var>
<msg timestamp="20230411 16:48:20.472" level="INFO">${token} = Bearer eyJhbGciOiJIUzI1NiJ9.eyJleHAiOjE2ODEyMjA5NjAsInVzZXJfaWQiOjY1NCwidWlkIjoiNDU3MmE4ZDktMTQxOS00YTBiLTk3NmEtOGZiYzJkNjAwNzgzIiwicnVpZCI6IjY1ZDMxY2NhLTlhYWItNGI1ZC04ZDE2LTFmNDFjNDA3ZDhlZSJ9.EepG9Ky...</msg>
<status status="PASS" starttime="20230411 16:48:20.471" endtime="20230411 16:48:20.472"/>
</kw>
<kw name="Put Permissions" library="AdminApiActions">
<arg>token=${token}</arg>
<arg>tcenter=${login_tcenter}</arg>
<arg>multiple_categories=${is_multiple_categories}</arg>
<status status="PASS" starttime="20230411 16:48:20.472" endtime="20230411 16:48:20.862"/>
</kw>
<if>
<branch type="IF" condition="${is_legislator}">
<kw name="Create Legislator" library="AdminApiActions">
<arg>${token}</arg>
<msg timestamp="20230411 16:48:20.864" level="INFO">LEGISLATOR INFO</msg>
<msg timestamp="20230411 16:48:20.864" level="INFO">USER EMAIL: qiwaqa+svp-7et9ltvz@p2h.com, USER NAME: Autotest kbceapme</msg>
<status status="PASS" starttime="20230411 16:48:20.863" endtime="20230411 16:48:21.335"/>
</kw>
<kw name="Get Legislator Account" library="AdminApiActions">
<var>${legislator_account}</var>
<msg timestamp="20230411 16:48:21.337" level="INFO">${legislator_account} = &lt;Resources.DataSources.models.account.Account object at 0x1055be500&gt;</msg>
<status status="PASS" starttime="20230411 16:48:21.336" endtime="20230411 16:48:21.337"/>
</kw>
<kw name="Log To Console" library="BuiltIn">
<arg>Legislator Email</arg>
<doc>Logs the given message to the console.</doc>
<status status="PASS" starttime="20230411 16:48:21.338" endtime="20230411 16:48:21.338"/>
</kw>
<kw name="Log To Console" library="BuiltIn">
<arg>${legislator_account.email}</arg>
<doc>Logs the given message to the console.</doc>
<status status="PASS" starttime="20230411 16:48:21.338" endtime="20230411 16:48:21.342"/>
</kw>
<if>
<branch type="IF" condition="${is_legislator_activate}">
<kw name="Activate Account And Set Password" library="login_actions">
<arg>email=${legislator_account.email}</arg>
<kw name="Open Activation Page" library="password_actions">
<arg>email=${email}</arg>
<if>
<branch type="IF" condition="'${email}'=='${EMPTY}'">
<if>
<branch type="IF" condition="${is_tcenter}">
<kw name="Get Test Center Account" library="AdminApiActions">
<var>${account}</var>
<status status="NOT RUN" starttime="20230411 16:48:21.350" endtime="20230411 16:48:21.350"/>
</kw>
<status status="NOT RUN" starttime="20230411 16:48:21.350" endtime="20230411 16:48:21.350"/>
</branch>
<branch type="ELSE">
<kw name="Get Legislator Account" library="AdminApiActions">
<var>${account}</var>
<status status="NOT RUN" starttime="20230411 16:48:21.351" endtime="20230411 16:48:21.351"/>
</kw>
<status status="NOT RUN" starttime="20230411 16:48:21.350" endtime="20230411 16:48:21.351"/>
</branch>
<status status="NOT RUN" starttime="20230411 16:48:21.350" endtime="20230411 16:48:21.351"/>
</if>
<kw name="Set Variable" library="BuiltIn">
<var>${email}</var>
<arg>${account.email}</arg>
<doc>Returns the given values which can then be assigned to a variables.</doc>
<status status="NOT RUN" starttime="20230411 16:48:21.351" endtime="20230411 16:48:21.351"/>
</kw>
<status status="NOT RUN" starttime="20230411 16:48:21.347" endtime="20230411 16:48:21.351"/>
</branch>
<status status="PASS" starttime="20230411 16:48:21.347" endtime="20230411 16:48:21.352"/>
</if>
<kw name="Parse Context Email" library="EmailClient">
<arg>${email}</arg>
<status status="PASS" starttime="20230411 16:48:21.352" endtime="20230411 16:48:26.065"/>
</kw>
<kw name="Get Confirmation Url" library="EmailClient">
<var>${url}</var>
<msg timestamp="20230411 16:48:26.067" level="INFO">${url} = https://mandrillapp.com/track/click/31140707/svp-international-spa.svp.stage.devops.takamol.support?p=eyJzIjoiajE3eWJnN1VyQ01tWEY0bHE1Vl9TM2NhblJrIiwidiI6MSwicCI6IntcInVcIjozMTE0MDcwNyxcInZcIjoxLFwidX...</msg>
<status status="PASS" starttime="20230411 16:48:26.066" endtime="20230411 16:48:26.067"/>
</kw>
<kw name="Go To" library="Browser">
<arg>${url}</arg>
<tag>BrowserControl</tag>
<tag>Setter</tag>
<doc>Navigates to the given ``url``.</doc>
<msg timestamp="20230411 16:48:30.684" level="INFO">Successfully opened URL https://mandrillapp.com/track/click/31140707/svp-international-spa.svp.stage.devops.takamol.support?p=eyJzIjoiajE3eWJnN1VyQ01tWEY0bHE1Vl9TM2NhblJrIiwidiI6MSwicCI6IntcInVcIjozMTE0MDcwNyxcInZcIjoxLFwidXJsXCI6XCJodHRwczpcXFwvXFxcL3N2cC1pbnRlcm5hdGlvbmFsLXNwYS5zdnAuc3RhZ2UuZGV2b3BzLnRha2Ftb2wuc3VwcG9ydFxcXC9hdXRoXFxcL3NldC1wYXNzP3Bhc3N3b3JkX3Rva2VuPTM4YTZmYTcyZjRlY2FkNjc2ZjlmNTQwNmExZjM4ZTM0NDA3NGVhYjc1ODQ1OTM5ZWYwMGNjZDBiMWE1ODVlMDBcIixcImlkXCI6XCI0MjBmN2FhMzM3Nzc0MjZkYWI4MWU1MmE0NGY4MzY4ZlwiLFwidXJsX2lkc1wiOltcIjQ1MjZmYjBiNjQ2MGJiOWY5Mjg5M2UzYjkwZjQ2ZjdkNDQxODA0NDRcIl19In0</msg>
<status status="PASS" starttime="20230411 16:48:26.067" endtime="20230411 16:48:30.684"/>
</kw>
<status status="PASS" starttime="20230411 16:48:21.346" endtime="20230411 16:48:30.685"/>
</kw>
<kw name="Verify Password Title" library="password">
<kw name="Verify Text" library="base_actions">
<arg>${SPA_LOGIN}</arg>
<arg>${SPA_SET_PASSWORD}</arg>
<kw name="Wait For Elements State" library="Browser">
<arg>selector=${locator}</arg>
<arg>state=visible</arg>
<arg>timeout=${timeout}</arg>
<tag>PageContent</tag>
<tag>Wait</tag>
<doc>Waits for the element found by ``selector`` to satisfy state option.</doc>
<msg timestamp="20230411 16:48:31.324" level="INFO">Waited for Element with selector .sign-template__header h1 at state visible</msg>
<status status="PASS" starttime="20230411 16:48:30.687" endtime="20230411 16:48:31.324"/>
</kw>
<if>
<branch type="IF" condition="${is_equal}">
<kw name="Get Text" library="Browser">
<arg>${locator}</arg>
<arg>==</arg>
<arg>${expected_message}</arg>
<tag>Assertion</tag>
<tag>Getter</tag>
<tag>PageContent</tag>
<doc>Returns text attribute of the element found by ``selector``.</doc>
<msg timestamp="20230411 16:48:31.412" level="INFO">Text: 'Set Password'</msg>
<status status="PASS" starttime="20230411 16:48:31.325" endtime="20230411 16:48:31.412"/>
</kw>
<status status="PASS" starttime="20230411 16:48:31.324" endtime="20230411 16:48:31.412"/>
</branch>
<branch type="ELSE">
<kw name="Get Text" library="Browser">
<arg>${locator}</arg>
<arg>contains</arg>
<arg>${expected_message}</arg>
<tag>Assertion</tag>
<tag>Getter</tag>
<tag>PageContent</tag>
<doc>Returns text attribute of the element found by ``selector``.</doc>
<status status="NOT RUN" starttime="20230411 16:48:31.413" endtime="20230411 16:48:31.413"/>
</kw>
<status status="NOT RUN" starttime="20230411 16:48:31.412" endtime="20230411 16:48:31.413"/>
</branch>
<status status="PASS" starttime="20230411 16:48:31.324" endtime="20230411 16:48:31.413"/>
</if>
<status status="PASS" starttime="20230411 16:48:30.686" endtime="20230411 16:48:31.413"/>
</kw>
<status status="PASS" starttime="20230411 16:48:30.685" endtime="20230411 16:48:31.413"/>
</kw>
<kw name="Enter Login And Password On Password Form" library="password_actions">
<kw name="Enter Password Activate" library="password">
<arg>${password}</arg>
<kw name="Type Secret" library="Browser">
<arg>selector=${PASSWORD_FIELD_FORM}</arg>
<arg>secret=$password</arg>
<tag>PageContent</tag>
<tag>Setter</tag>
<doc>Types the given secret from ``variable_name`` into the text field
found by ``selector``.</doc>
<status status="PASS" starttime="20230411 16:48:31.414" endtime="20230411 16:48:31.510"/>
</kw>
<status status="PASS" starttime="20230411 16:48:31.414" endtime="20230411 16:48:31.511"/>
</kw>
<kw name="Enter Confirmed Password Activate" library="password">
<arg>${confirm_password}</arg>
<kw name="Type Secret" library="Browser">
<arg>selector=${CONFIRMED_PASSWORD}</arg>
<arg>secret=$confirm_password</arg>
<tag>PageContent</tag>
<tag>Setter</tag>
<doc>Types the given secret from ``variable_name`` into the text field
found by ``selector``.</doc>
<status status="PASS" starttime="20230411 16:48:31.511" endtime="20230411 16:48:31.564"/>
</kw>
<status status="PASS" starttime="20230411 16:48:31.511" endtime="20230411 16:48:31.564"/>
</kw>
<kw name="Click Continue Button" library="base">
<kw name="Click" library="Browser">
<arg>selector=${CONTINUE_BUTTON}</arg>
<tag>PageContent</tag>
<tag>Setter</tag>
<doc>Simulates mouse click on the element found by ``selector``.</doc>
<status status="PASS" starttime="20230411 16:48:31.564" endtime="20230411 16:48:31.671"/>
</kw>
<status status="PASS" starttime="20230411 16:48:31.564" endtime="20230411 16:48:31.671"/>
</kw>
<status status="PASS" starttime="20230411 16:48:31.413" endtime="20230411 16:48:31.671"/>
</kw>
<kw name="Verify Sign In Title" library="login">
<kw name="Wait Until Keyword Succeeds" library="BuiltIn">
<arg>5x</arg>
<arg>1 sec</arg>
<arg>Verify Text</arg>
<arg>${SPA_LOGIN}</arg>
<arg>${SPA_SIGN_IN}</arg>
<doc>Runs the specified keyword and retries if it fails.</doc>
<kw name="Verify Text" library="base_actions">
<arg>${SPA_LOGIN}</arg>
<arg>${SPA_SIGN_IN}</arg>
<kw name="Wait For Elements State" library="Browser">
<arg>selector=${locator}</arg>
<arg>state=visible</arg>
<arg>timeout=${timeout}</arg>
<tag>PageContent</tag>
<tag>Wait</tag>
<doc>Waits for the element found by ``selector`` to satisfy state option.</doc>
<msg timestamp="20230411 16:48:31.687" level="INFO">Waited for Element with selector .sign-template__header h1 at state visible</msg>
<status status="PASS" starttime="20230411 16:48:31.673" endtime="20230411 16:48:31.687"/>
</kw>
<if>
<branch type="IF" condition="${is_equal}">
<kw name="Get Text" library="Browser">
<arg>${locator}</arg>
<arg>==</arg>
<arg>${expected_message}</arg>
<tag>Assertion</tag>
<tag>Getter</tag>
<tag>PageContent</tag>
<doc>Returns text attribute of the element found by ``selector``.</doc>
<msg timestamp="20230411 16:48:32.732" level="INFO">Text: 'Set Password'</msg>
<msg timestamp="20230411 16:48:32.862" level="INFO" html="true">&lt;/td&gt;&lt;/tr&gt;&lt;tr&gt;&lt;td colspan="3"&gt;&lt;a href="browser/screenshot/fail-screenshot-1.png" target="_blank"&gt;&lt;img src="browser/screenshot/fail-screenshot-1.png" width="800px"/&gt;&lt;/a&gt;</msg>
<msg timestamp="20230411 16:48:32.862" level="FAIL">Text 'Set Password' (str) should be 'Welcome to International SVP!' (str)</msg>
<status status="FAIL" starttime="20230411 16:48:31.688" endtime="20230411 16:48:32.863"/>
</kw>
<status status="FAIL" starttime="20230411 16:48:31.687" endtime="20230411 16:48:32.863"/>
</branch>
<branch type="ELSE">
<kw name="Get Text" library="Browser">
<arg>${locator}</arg>
<arg>contains</arg>
<arg>${expected_message}</arg>
<tag>Assertion</tag>
<tag>Getter</tag>
<tag>PageContent</tag>
<doc>Returns text attribute of the element found by ``selector``.</doc>
<status status="NOT RUN" starttime="20230411 16:48:32.863" endtime="20230411 16:48:32.863"/>
</kw>
<status status="NOT RUN" starttime="20230411 16:48:32.863" endtime="20230411 16:48:32.863"/>
</branch>
<status status="FAIL" starttime="20230411 16:48:31.687" endtime="20230411 16:48:32.864"/>
</if>
<status status="FAIL" starttime="20230411 16:48:31.672" endtime="20230411 16:48:32.864"/>
</kw>
<kw name="Verify Text" library="base_actions">
<arg>${SPA_LOGIN}</arg>
<arg>${SPA_SIGN_IN}</arg>
<kw name="Wait For Elements State" library="Browser">
<arg>selector=${locator}</arg>
<arg>state=visible</arg>
<arg>timeout=${timeout}</arg>
<tag>PageContent</tag>
<tag>Wait</tag>
<doc>Waits for the element found by ``selector`` to satisfy state option.</doc>
<msg timestamp="20230411 16:48:33.879" level="INFO">Waited for Element with selector .sign-template__header h1 at state visible</msg>
<status status="PASS" starttime="20230411 16:48:33.867" endtime="20230411 16:48:33.879"/>
</kw>
<if>
<branch type="IF" condition="${is_equal}">
<kw name="Get Text" library="Browser">
<arg>${locator}</arg>
<arg>==</arg>
<arg>${expected_message}</arg>
<tag>Assertion</tag>
<tag>Getter</tag>
<tag>PageContent</tag>
<doc>Returns text attribute of the element found by ``selector``.</doc>
<msg timestamp="20230411 16:48:33.895" level="INFO">Text: 'Welcome to International SVP!'</msg>
<status status="PASS" starttime="20230411 16:48:33.880" endtime="20230411 16:48:33.895"/>
</kw>
<status status="PASS" starttime="20230411 16:48:33.879" endtime="20230411 16:48:33.895"/>
</branch>
<branch type="ELSE">
<kw name="Get Text" library="Browser">
<arg>${locator}</arg>
<arg>contains</arg>
<arg>${expected_message}</arg>
<tag>Assertion</tag>
<tag>Getter</tag>
<tag>PageContent</tag>
<doc>Returns text attribute of the element found by ``selector``.</doc>
<status status="NOT RUN" starttime="20230411 16:48:33.895" endtime="20230411 16:48:33.895"/>
</kw>
<status status="NOT RUN" starttime="20230411 16:48:33.895" endtime="20230411 16:48:33.895"/>
</branch>
<status status="PASS" starttime="20230411 16:48:33.879" endtime="20230411 16:48:33.895"/>
</if>
<status status="PASS" starttime="20230411 16:48:33.865" endtime="20230411 16:48:33.896"/>
</kw>
<status status="PASS" starttime="20230411 16:48:31.672" endtime="20230411 16:48:33.896"/>
</kw>
<status status="PASS" starttime="20230411 16:48:31.671" endtime="20230411 16:48:33.896"/>
</kw>
<status status="PASS" starttime="20230411 16:48:21.343" endtime="20230411 16:48:33.896"/>
</kw>
<status status="PASS" starttime="20230411 16:48:21.343" endtime="20230411 16:48:33.896"/>
</branch>
<status status="PASS" starttime="20230411 16:48:21.343" endtime="20230411 16:48:33.896"/>
</if>
<status status="PASS" starttime="20230411 16:48:20.862" endtime="20230411 16:48:33.896"/>
</branch>
<status status="PASS" starttime="20230411 16:48:20.862" endtime="20230411 16:48:33.896"/>
</if>
<if>
<branch type="IF" condition="${is_tcenter}">
<kw name="Create Test Center" library="AdminApiActions">
<arg>${token}</arg>
<status status="NOT RUN" starttime="20230411 16:48:33.897" endtime="20230411 16:48:33.897"/>
</kw>
<kw name="Get Test Center Account" library="AdminApiActions">
<var>${tcenter_account}</var>
<status status="NOT RUN" starttime="20230411 16:48:33.897" endtime="20230411 16:48:33.897"/>
</kw>
<kw name="Log To Console" library="BuiltIn">
<arg>Test Center Owner Email</arg>
<doc>Logs the given message to the console.</doc>
<status status="NOT RUN" starttime="20230411 16:48:33.897" endtime="20230411 16:48:33.897"/>
</kw>
<kw name="Log To Console" library="BuiltIn">
<arg>${tcenter_account.email}</arg>
<doc>Logs the given message to the console.</doc>
<status status="NOT RUN" starttime="20230411 16:48:33.898" endtime="20230411 16:48:33.898"/>
</kw>
<if>
<branch type="IF" condition="${is_tcenter_activate}">
<kw name="Activate Account And Set Password" library="login_actions">
<arg>email=${tcenter_account.email}</arg>
<status status="NOT RUN" starttime="20230411 16:48:33.898" endtime="20230411 16:48:33.898"/>
</kw>
<status status="NOT RUN" starttime="20230411 16:48:33.898" endtime="20230411 16:48:33.898"/>
</branch>
<status status="NOT RUN" starttime="20230411 16:48:33.898" endtime="20230411 16:48:33.898"/>
</if>
<status status="NOT RUN" starttime="20230411 16:48:33.897" endtime="20230411 16:48:33.898"/>
</branch>
<status status="PASS" starttime="20230411 16:48:33.897" endtime="20230411 16:48:33.898"/>
</if>
<if>
<branch type="IF" condition="${login}">
<kw name="Set Variable If" library="BuiltIn">
<var>${email}</var>
<arg>${login_tcenter}</arg>
<arg>${tcenter_account.email}</arg>
<arg>${legislator_account.email}</arg>
<doc>Sets variable based on the given condition.</doc>
<msg timestamp="20230411 16:48:33.900" level="INFO">${email} = qiwaqa+svp-7et9ltvz@p2h.com</msg>
<status status="PASS" starttime="20230411 16:48:33.898" endtime="20230411 16:48:33.900"/>
</kw>
<kw name="Log In To SPA" library="login_actions">
<arg>${two_factor_verification}</arg>
<arg>${email}</arg>
<kw name="Get Url" library="Browser">
<var>${test}</var>
<tag>Assertion</tag>
<tag>Getter</tag>
<tag>PageContent</tag>
<doc>Returns the current URL.</doc>
<msg timestamp="20230411 16:48:33.902" level="INFO">${test} = https://svp-international-spa.svp.stage.devops.takamol.support/auth/</msg>
<status status="PASS" starttime="20230411 16:48:33.900" endtime="20230411 16:48:33.902"/>
</kw>
<kw name="Run Keyword And Return Status" library="BuiltIn">
<var>${result}</var>
<arg>Should Contain</arg>
<arg>${test}</arg>
<arg>auth</arg>
<doc>Runs the given keyword with given arguments and returns the status as a Boolean value.</doc>
<kw name="Should Contain" library="BuiltIn">
<arg>${test}</arg>
<arg>auth</arg>
<doc>Fails if ``container`` does not contain ``item`` one or more times.</doc>
<status status="PASS" starttime="20230411 16:48:33.903" endtime="20230411 16:48:33.903"/>
</kw>
<msg timestamp="20230411 16:48:33.903" level="INFO">${result} = True</msg>
<status status="PASS" starttime="20230411 16:48:33.903" endtime="20230411 16:48:33.903"/>
</kw>
<if>
<branch type="IF" condition="not(${result})">
<kw name="Open SPA Login Page" library="login">
<status status="NOT RUN" starttime="20230411 16:48:33.903" endtime="20230411 16:48:33.904"/>
</kw>
<status status="NOT RUN" starttime="20230411 16:48:33.903" endtime="20230411 16:48:33.904"/>
</branch>
<status status="PASS" starttime="20230411 16:48:33.903" endtime="20230411 16:48:33.904"/>
</if>
<kw name="Enter Login And Password" library="login_actions">
<arg>${email}</arg>
<arg>${DEFAULT_PASSWORD}</arg>
<kw name="Enter Login" library="login">
<arg>${login}</arg>
<kw name="Type Text" library="Browser">
<arg>selector=${LOGIN_FIELD}</arg>
<arg>txt=${Email}</arg>
<tag>PageContent</tag>
<tag>Setter</tag>
<doc>Types the given ``txt`` into the text field found by ``selector``.</doc>
<msg timestamp="20230411 16:48:33.905" level="INFO">Types the text 'qiwaqa+svp-7et9ltvz@p2h.com' in the given field.</msg>
<status status="PASS" starttime="20230411 16:48:33.904" endtime="20230411 16:48:34.013"/>
</kw>
<status status="PASS" starttime="20230411 16:48:33.904" endtime="20230411 16:48:34.013"/>
</kw>
<kw name="Enter Password" library="login">
<arg>${password}</arg>
<kw name="Type Secret" library="Browser">
<arg>selector=${PASSWORD_FIELD}</arg>
<arg>secret=$password</arg>
<tag>PageContent</tag>
<tag>Setter</tag>
<doc>Types the given secret from ``variable_name`` into the text field
found by ``selector``.</doc>
<status status="PASS" starttime="20230411 16:48:34.014" endtime="20230411 16:48:34.063"/>
</kw>
<status status="PASS" starttime="20230411 16:48:34.013" endtime="20230411 16:48:34.064"/>
</kw>
<if>
<branch type="IF" condition="${is_click}">
<kw name="Click Continue Button" library="base">
<kw name="Click" library="Browser">
<arg>selector=${CONTINUE_BUTTON}</arg>
<tag>PageContent</tag>
<tag>Setter</tag>
<doc>Simulates mouse click on the element found by ``selector``.</doc>
<status status="PASS" starttime="20230411 16:48:34.065" endtime="20230411 16:48:34.158"/>
</kw>
<status status="PASS" starttime="20230411 16:48:34.064" endtime="20230411 16:48:34.158"/>
</kw>
<status status="PASS" starttime="20230411 16:48:34.064" endtime="20230411 16:48:34.158"/>
</branch>
<branch type="ELSE">
<kw name="Verify Sign In Button Is Dissabled" library="login">
<status status="NOT RUN" starttime="20230411 16:48:34.158" endtime="20230411 16:48:34.158"/>
</kw>
<status status="NOT RUN" starttime="20230411 16:48:34.158" endtime="20230411 16:48:34.158"/>
</branch>
<status status="PASS" starttime="20230411 16:48:34.064" endtime="20230411 16:48:34.159"/>
</if>
<status status="PASS" starttime="20230411 16:48:33.904" endtime="20230411 16:48:34.159"/>
</kw>
<kw name="Verify Confirm Code" library="login_actions">
<kw name="Verify Text" library="base_actions">
<arg>${LOGIN_FORM}</arg>
<arg>${CONFIRM_CODE}</arg>
<kw name="Wait For Elements State" library="Browser">
<arg>selector=${locator}</arg>
<arg>state=visible</arg>
<arg>timeout=${timeout}</arg>
<tag>PageContent</tag>
<tag>Wait</tag>
<doc>Waits for the element found by ``selector`` to satisfy state option.</doc>
<msg timestamp="20230411 16:48:37.035" level="INFO">Waited for Element with selector .login-form__text.pb-3 at state visible</msg>
<status status="PASS" starttime="20230411 16:48:34.160" endtime="20230411 16:48:37.035"/>
</kw>
<if>
<branch type="IF" condition="${is_equal}">
<kw name="Get Text" library="Browser">
<arg>${locator}</arg>
<arg>==</arg>
<arg>${expected_message}</arg>
<tag>Assertion</tag>
<tag>Getter</tag>
<tag>PageContent</tag>
<doc>Returns text attribute of the element found by ``selector``.</doc>
<msg timestamp="20230411 16:48:37.049" level="INFO">Text: 'Two-Factor Verification'</msg>
<status status="PASS" starttime="20230411 16:48:37.036" endtime="20230411 16:48:37.049"/>
</kw>
<status status="PASS" starttime="20230411 16:48:37.035" endtime="20230411 16:48:37.049"/>
</branch>
<branch type="ELSE">
<kw name="Get Text" library="Browser">
<arg>${locator}</arg>
<arg>contains</arg>
<arg>${expected_message}</arg>
<tag>Assertion</tag>
<tag>Getter</tag>
<tag>PageContent</tag>
<doc>Returns text attribute of the element found by ``selector``.</doc>
<status status="NOT RUN" starttime="20230411 16:48:37.049" endtime="20230411 16:48:37.049"/>
</kw>
<status status="NOT RUN" starttime="20230411 16:48:37.049" endtime="20230411 16:48:37.049"/>
</branch>
<status status="PASS" starttime="20230411 16:48:37.035" endtime="20230411 16:48:37.049"/>
</if>
<status status="PASS" starttime="20230411 16:48:34.159" endtime="20230411 16:48:37.050"/>
</kw>
<status status="PASS" starttime="20230411 16:48:34.159" endtime="20230411 16:48:37.050"/>
</kw>
<if>
<branch type="IF" condition="'${two_factor_verification}' == '${AUTH_WEB}'">
<kw name="Proceed 2fa Web" library="login_actions">
<for flavor="IN RANGE">
<var>${_}</var>
<value>5</value>
<iter>
<var name="${_}">0</var>
<if>
<branch type="IF" condition="not(${two_factor_code})">
<kw name="Get 2fa Code" library="login">
<var>${two_factor_code}</var>
<kw name="Get Text" library="Browser">
<var>${otp_text}</var>
<arg>${OTP_CODE}</arg>
<tag>Assertion</tag>
<tag>Getter</tag>
<tag>PageContent</tag>
<doc>Returns text attribute of the element found by ``selector``.</doc>
<msg timestamp="20230411 16:48:37.062" level="INFO">Text: 'OTP Code: 056113'</msg>
<msg timestamp="20230411 16:48:37.062" level="INFO">${otp_text} = OTP Code: 056113</msg>
<status status="PASS" starttime="20230411 16:48:37.052" endtime="20230411 16:48:37.062"/>
</kw>
<kw name="Split String" library="String">
<var>@{list}</var>
<arg>${otp_text} ${SPACE}</arg>
<doc>Splits the ``string`` using ``separator`` as a delimiter string.</doc>
<msg timestamp="20230411 16:48:37.063" level="INFO">@{list} = [ OTP | Code: | 056113 ]</msg>
<status status="PASS" starttime="20230411 16:48:37.062" endtime="20230411 16:48:37.063"/>
</kw>
<return>
<value>${list}[2]</value>
<status status="PASS" starttime="20230411 16:48:37.063" endtime="20230411 16:48:37.063"/>
</return>
<msg timestamp="20230411 16:48:37.063" level="INFO">${two_factor_code} = 056113</msg>
<status status="PASS" starttime="20230411 16:48:37.051" endtime="20230411 16:48:37.063"/>
</kw>
<status status="PASS" starttime="20230411 16:48:37.051" endtime="20230411 16:48:37.063"/>
</branch>
<branch type="ELSE">
<kw name="Set Variable" library="BuiltIn">
<var>${two_factor_code}</var>
<arg>${None}</arg>
<doc>Returns the given values which can then be assigned to a variables.</doc>
<status status="NOT RUN" starttime="20230411 16:48:37.063" endtime="20230411 16:48:37.063"/>
</kw>
<status status="NOT RUN" starttime="20230411 16:48:37.063" endtime="20230411 16:48:37.064"/>
</branch>
<status status="PASS" starttime="20230411 16:48:37.051" endtime="20230411 16:48:37.064"/>
</if>
<kw name="Enter 2fa Code" library="login">
<arg>${two_factor_code}</arg>
<kw name="Type Secret" library="Browser">
<arg>selector=${TWO_FA_FIELD}</arg>
<arg>secret=$code</arg>
<tag>PageContent</tag>
<tag>Setter</tag>
<doc>Types the given secret from ``variable_name`` into the text field
found by ``selector``.</doc>
<status status="PASS" starttime="20230411 16:48:37.064" endtime="20230411 16:48:37.105"/>
</kw>
<status status="PASS" starttime="20230411 16:48:37.064" endtime="20230411 16:48:37.105"/>
</kw>
<kw name="Click Sign In Button" library="login">
<kw name="Click" library="Browser">
<arg>${SIGN_IN_BUTTON}</arg>
<tag>PageContent</tag>
<tag>Setter</tag>
<doc>Simulates mouse click on the element found by ``selector``.</doc>
<status status="PASS" starttime="20230411 16:48:37.106" endtime="20230411 16:48:37.173"/>
</kw>
<status status="PASS" starttime="20230411 16:48:37.106" endtime="20230411 16:48:37.173"/>
</kw>
<kw name="Sleep" library="BuiltIn">
<arg>2</arg>
<doc>Pauses the test executed for the given time.</doc>
<msg timestamp="20230411 16:48:39.175" level="INFO">Slept 2 seconds</msg>
<status status="PASS" starttime="20230411 16:48:37.173" endtime="20230411 16:48:39.175"/>
</kw>
<kw name="Is Warning Msg Displayed" library="login">
<var>${is_displayed}</var>
<kw name="Get Element States" library="Browser">
<var>${status}</var>
<arg>${OTP_CODE_WARNING_MSG}</arg>
<arg>then</arg>
<arg>bool(value &amp; attached)</arg>
<tag>Assertion</tag>
<tag>Getter</tag>
<tag>PageContent</tag>
<doc>Get the active states from the element found by ``selector``.</doc>
<msg timestamp="20230411 16:48:39.431" level="INFO">${status} = False</msg>
<status status="PASS" starttime="20230411 16:48:39.175" endtime="20230411 16:48:39.431"/>
</kw>
<return>
<value>${status}</value>
<status status="PASS" starttime="20230411 16:48:39.431" endtime="20230411 16:48:39.431"/>
</return>
<msg timestamp="20230411 16:48:39.432" level="INFO">${is_displayed} = False</msg>
<status status="PASS" starttime="20230411 16:48:39.175" endtime="20230411 16:48:39.432"/>
</kw>
<kw name="Get Sign In Button Status Disabled" library="login">
<var>${is_status}</var>
<kw name="Get Element States" library="Browser">
<var>${status}</var>
<arg>${SIGN_IN_BUTTON}</arg>
<arg>then</arg>
<arg>bool(attached &amp; disabled)</arg>
<tag>Assertion</tag>
<tag>Getter</tag>
<tag>PageContent</tag>
<doc>Get the active states from the element found by ``selector``.</doc>
<msg timestamp="20230411 16:48:39.688" level="INFO">${status} = False</msg>
<status status="PASS" starttime="20230411 16:48:39.433" endtime="20230411 16:48:39.688"/>
</kw>
<return>
<value>${status}</value>
<status status="PASS" starttime="20230411 16:48:39.689" endtime="20230411 16:48:39.689"/>
</return>
<msg timestamp="20230411 16:48:39.690" level="INFO">${is_status} = False</msg>
<status status="PASS" starttime="20230411 16:48:39.432" endtime="20230411 16:48:39.690"/>
</kw>
<if>
<branch type="IF" condition="${is_displayed}">
<kw name="Set Variable" library="BuiltIn">
<var>${two_factor_code}</var>
<arg>None</arg>
<doc>Returns the given values which can then be assigned to a variables.</doc>
<status status="NOT RUN" starttime="20230411 16:48:39.691" endtime="20230411 16:48:39.691"/>
</kw>
<status status="NOT RUN" starttime="20230411 16:48:39.690" endtime="20230411 16:48:39.691"/>
</branch>
<branch type="ELSE IF" condition="${is_status}">
<continue>
<status status="NOT RUN" starttime="20230411 16:48:39.692" endtime="20230411 16:48:39.692"/>
</continue>
<status status="NOT RUN" starttime="20230411 16:48:39.691" endtime="20230411 16:48:39.692"/>
</branch>
<branch type="ELSE">
<kw name="Set Variable" library="BuiltIn">
<var>${is_passed}</var>
<arg>True</arg>
<doc>Returns the given values which can then be assigned to a variables.</doc>
<msg timestamp="20230411 16:48:39.693" level="INFO">${is_passed} = True</msg>
<status status="PASS" starttime="20230411 16:48:39.693" endtime="20230411 16:48:39.693"/>
</kw>
<break>
<status status="PASS" starttime="20230411 16:48:39.693" endtime="20230411 16:48:39.693"/>
</break>
<status status="PASS" starttime="20230411 16:48:39.692" endtime="20230411 16:48:39.694"/>
</branch>
<status status="PASS" starttime="20230411 16:48:39.690" endtime="20230411 16:48:39.694"/>
</if>
<status status="PASS" starttime="20230411 16:48:37.051" endtime="20230411 16:48:39.694"/>
</iter>
<status status="PASS" starttime="20230411 16:48:37.051" endtime="20230411 16:48:39.694"/>
</for>
<kw name="Should Be True" library="BuiltIn">
<arg>${is_passed}</arg>
<arg>${OTP_CODE}</arg>
<doc>Fails if the given condition is not true.</doc>
<status status="PASS" starttime="20230411 16:48:39.695" endtime="20230411 16:48:39.696"/>
</kw>
<status status="PASS" starttime="20230411 16:48:37.050" endtime="20230411 16:48:39.696"/>
</kw>
<status status="PASS" starttime="20230411 16:48:37.050" endtime="20230411 16:48:39.696"/>
</branch>
<branch type="ELSE IF" condition="'${two_factor_verification}' == '${EMPTY}'">
<kw name="Proceed 2fa Web" library="login_actions">
<status status="NOT RUN" starttime="20230411 16:48:39.697" endtime="20230411 16:48:39.697"/>
</kw>
<status status="NOT RUN" starttime="20230411 16:48:39.696" endtime="20230411 16:48:39.697"/>
</branch>
<branch type="ELSE IF" condition="'${two_factor_verification}' == '${AUTH_EMAIL}'">
<kw name="Proceed 2fa Email" library="login_actions">
<arg>${email}</arg>
<status status="NOT RUN" starttime="20230411 16:48:39.697" endtime="20230411 16:48:39.698"/>
</kw>
<status status="NOT RUN" starttime="20230411 16:48:39.697" endtime="20230411 16:48:39.698"/>
</branch>
<status status="PASS" starttime="20230411 16:48:37.050" endtime="20230411 16:48:39.698"/>
</if>
<status status="PASS" starttime="20230411 16:48:33.900" endtime="20230411 16:48:39.698"/>
</kw>
<status status="PASS" starttime="20230411 16:48:33.898" endtime="20230411 16:48:39.699"/>
</branch>
<status status="PASS" starttime="20230411 16:48:33.898" endtime="20230411 16:48:39.699"/>
</if>
<status status="PASS" starttime="20230411 16:48:17.953" endtime="20230411 16:48:39.699"/>
</kw>
<kw name="Add TCentr" library="spa_upload_actions">
<kw name="Get Token" library="AuthApiActions">
<var>${token}</var>
<msg timestamp="20230411 16:48:39.700" level="INFO">${token} = Bearer eyJhbGciOiJIUzI1NiJ9.eyJleHAiOjE2ODEyMjA5NjAsInVzZXJfaWQiOjY1NCwidWlkIjoiNDU3MmE4ZDktMTQxOS00YTBiLTk3NmEtOGZiYzJkNjAwNzgzIiwicnVpZCI6IjY1ZDMxY2NhLTlhYWItNGI1ZC04ZDE2LTFmNDFjNDA3ZDhlZSJ9.EepG9Ky...</msg>
<status status="PASS" starttime="20230411 16:48:39.700" endtime="20230411 16:48:39.700"/>
</kw>
<kw name="Create New Account" library="ModelBuilder">
<var>${tcenter}</var>
<arg>${token}</arg>
<msg timestamp="20230411 16:48:39.701" level="INFO">USER EMAIL: qiwaqa+svp-qzrz14nq@p2h.com, USER NAME: Bearer eyJhbGciOiJIUzI1NiJ9.eyJleHAiOjE2ODEyMjA5NjAsInVzZXJfaWQiOjY1NCwidWlkIjoiNDU3MmE4ZDktMTQxOS00YTBiLTk3NmEtOGZiYzJkNjAwNzgzIiwicnVpZCI6IjY1ZDMxY2NhLTlhYWItNGI1ZC04ZDE2LTFmNDFjNDA3ZDhlZSJ9.EepG9Ky1GL3SZJNnfdHBAsylVw0cjiskytwsAZqgnxE</msg>
<msg timestamp="20230411 16:48:39.701" level="INFO">${tcenter} = &lt;Resources.DataSources.models.account.Account object at 0x105648af0&gt;</msg>
<status status="PASS" starttime="20230411 16:48:39.701" endtime="20230411 16:48:39.701"/>
</kw>
<kw name="Wait For Elements State" library="Browser">
<arg>${WAITING_SPINNER}</arg>
<arg>hidden</arg>
<tag>PageContent</tag>
<tag>Wait</tag>
<doc>Waits for the element found by ``selector`` to satisfy state option.</doc>
<msg timestamp="20230411 16:48:39.711" level="INFO">Waited for Element with selector .app-spinner span at state hidden</msg>
<status status="PASS" starttime="20230411 16:48:39.702" endtime="20230411 16:48:39.711"/>
</kw>
<kw name="Click Test Center" library="spa_upload">
<kw name="Click Button" library="base_actions">
<arg>${ZAPEL}</arg>
<msg timestamp="20230411 16:48:39.715" level="FAIL">Variable '${ZAPEL}' not found.</msg>
<status status="FAIL" starttime="20230411 16:48:39.712" endtime="20230411 16:48:39.715"/>
</kw>
<status status="FAIL" starttime="20230411 16:48:39.711" endtime="20230411 16:48:39.715"/>
</kw>
<kw name="Click Add Test Center" library="spa_upload">
<status status="NOT RUN" starttime="20230411 16:48:39.716" endtime="20230411 16:48:39.716"/>
</kw>
<kw name="Fill Name General Information" library="spa_upload">
<arg>${tcenter}</arg>
<status status="NOT RUN" starttime="20230411 16:48:39.716" endtime="20230411 16:48:39.716"/>
</kw>
<kw name="Fill Official Contact Number" library="spa_upload">
<arg>${tcenter}</arg>
<status status="NOT RUN" starttime="20230411 16:48:39.716" endtime="20230411 16:48:39.716"/>
</kw>
<kw name="Check Select Category" library="spa_upload">
<status status="NOT RUN" starttime="20230411 16:48:39.717" endtime="20230411 16:48:39.717"/>
</kw>
<kw name="Fill Name Test Centr Owner" library="spa_upload">
<arg>${tcenter}</arg>
<status status="NOT RUN" starttime="20230411 16:48:39.717" endtime="20230411 16:48:39.717"/>
</kw>
<kw name="Fill City" library="spa_upload">
<arg>${tcenter}</arg>
<status status="NOT RUN" starttime="20230411 16:48:39.717" endtime="20230411 16:48:39.717"/>
</kw>
<kw name="Fill Street Name" library="spa_upload">
<arg>${tcenter}</arg>
<status status="NOT RUN" starttime="20230411 16:48:39.717" endtime="20230411 16:48:39.717"/>
</kw>
<kw name="Fill Postal Code" library="spa_upload">
<arg>${tcenter}</arg>
<status status="NOT RUN" starttime="20230411 16:48:39.717" endtime="20230411 16:48:39.718"/>
</kw>
<status status="FAIL" starttime="20230411 16:48:39.699" endtime="20230411 16:48:39.718"/>
</kw>
<status status="FAIL" starttime="20230411 16:48:16.645" endtime="20230411 16:48:39.718">Variable '${ZAPEL}' not found.</status>
</test>
<status status="FAIL" starttime="20230411 16:48:14.554" endtime="20230411 16:48:40.065"/>
</suite>
<status status="FAIL" starttime="20230411 16:48:14.553" endtime="20230411 16:48:40.070"/>
</suite>
<status status="FAIL" starttime="20230411 16:48:14.552" endtime="20230411 16:48:40.071"/>
</suite>
<status status="FAIL" starttime="20230411 16:48:14.550" endtime="20230411 16:48:40.073"/>
</suite>
<status status="FAIL" starttime="20230411 16:48:14.533" endtime="20230411 16:48:40.074"/>
</suite>
<statistics>
<total>
<stat pass="0" fail="1" skip="0">All Tests</stat>
</total>
<tag>
</tag>
<suite>
<stat pass="0" fail="1" skip="0" id="s1" name="Svp Robot">Svp Robot</stat>
<stat pass="0" fail="1" skip="0" id="s1-s1" name="Tests">Svp Robot.Tests</stat>
<stat pass="0" fail="1" skip="0" id="s1-s1-s1" name="Ui">Svp Robot.Tests.Ui</stat>
<stat pass="0" fail="1" skip="0" id="s1-s1-s1-s1" name="Legislator">Svp Robot.Tests.Ui.Legislator</stat>
<stat pass="0" fail="1" skip="0" id="s1-s1-s1-s1-s1" name="Spa Legislateor Labors">Svp Robot.Tests.Ui.Legislator.Spa Legislateor Labors</stat>
</suite>
</statistics>
<errors>
<msg timestamp="20230411 16:48:16.207" level="ERROR">Error in file '/Users/olehlazeba/PycharmProjects/svp_robot/POM/Keywords/Pages/spa_upload.resource' on line 10: Setting variable '@{FILTERS}' failed: Variable '${FIELD_FILE_ID}' not found.</msg>
</errors>
</robot>
